Copyright 1986-2017 Xilinx, Inc. All Rights Reserved.
-----------------------------------------------------------------------------------------------------------------
| Tool Version : Vivado v.2017.1 (win64) Build 1846317 Fri Apr 14 18:55:03 MDT 2017
| Date         : Thu Oct  5 21:39:41 2017
| Host         : Daniel running 64-bit major release  (build 9200)
| Command      : report_methodology -file Part3_methodology_drc_routed.rpt -rpx Part3_methodology_drc_routed.rpx
| Design       : Part3
| Device       : xc7z020clg484-1
| Speed File   : -1
| Design State : Routed
-----------------------------------------------------------------------------------------------------------------

Report Methodology

Table of Contents
-----------------
1. REPORT SUMMARY
2. REPORT DETAILS

1. REPORT SUMMARY
-----------------
            Netlist: netlist
          Floorplan: design_1
      Design limits: <entire design considered>
             Max violations: <unlimited>
             Violations found: 82
+-----------+----------+-----------------------------+------------+
| Rule      | Severity | Description                 | Violations |
+-----------+----------+-----------------------------+------------+
| TIMING-17 | Warning  | Non-clocked sequential cell | 82         |
+-----------+----------+-----------------------------+------------+

2. REPORT DETAILS
-----------------
TIMING-17#1 Warning
Non-clocked sequential cell  
The clock pin u1/A_reg/C is not reached by a timing clock
Related violations: <none>

TIMING-17#2 Warning
Non-clocked sequential cell  
The clock pin u1/Pout_reg[0]/C is not reached by a timing clock
Related violations: <none>

TIMING-17#3 Warning
Non-clocked sequential cell  
The clock pin u1/Pout_reg[10]/C is not reached by a timing clock
Related violations: <none>

TIMING-17#4 Warning
Non-clocked sequential cell  
The clock pin u1/Pout_reg[11]/C is not reached by a timing clock
Related violations: <none>

TIMING-17#5 Warning
Non-clocked sequential cell  
The clock pin u1/Pout_reg[12]/C is not reached by a timing clock
Related violations: <none>

TIMING-17#6 Warning
Non-clocked sequential cell  
The clock pin u1/Pout_reg[13]/C is not reached by a timing clock
Related violations: <none>

TIMING-17#7 Warning
Non-clocked sequential cell  
The clock pin u1/Pout_reg[14]/C is not reached by a timing clock
Related violations: <none>

TIMING-17#8 Warning
Non-clocked sequential cell  
The clock pin u1/Pout_reg[15]/C is not reached by a timing clock
Related violations: <none>

TIMING-17#9 Warning
Non-clocked sequential cell  
The clock pin u1/Pout_reg[1]/C is not reached by a timing clock
Related violations: <none>

TIMING-17#10 Warning
Non-clocked sequential cell  
The clock pin u1/Pout_reg[2]/C is not reached by a timing clock
Related violations: <none>

TIMING-17#11 Warning
Non-clocked sequential cell  
The clock pin u1/Pout_reg[3]/C is not reached by a timing clock
Related violations: <none>

TIMING-17#12 Warning
Non-clocked sequential cell  
The clock pin u1/Pout_reg[4]/C is not reached by a timing clock
Related violations: <none>

TIMING-17#13 Warning
Non-clocked sequential cell  
The clock pin u1/Pout_reg[5]/C is not reached by a timing clock
Related violations: <none>

TIMING-17#14 Warning
Non-clocked sequential cell  
The clock pin u1/Pout_reg[6]/C is not reached by a timing clock
Related violations: <none>

TIMING-17#15 Warning
Non-clocked sequential cell  
The clock pin u1/Pout_reg[7]/C is not reached by a timing clock
Related violations: <none>

TIMING-17#16 Warning
Non-clocked sequential cell  
The clock pin u1/Pout_reg[8]/C is not reached by a timing clock
Related violations: <none>

TIMING-17#17 Warning
Non-clocked sequential cell  
The clock pin u1/Pout_reg[9]/C is not reached by a timing clock
Related violations: <none>

TIMING-17#18 Warning
Non-clocked sequential cell  
The clock pin u1/add1_reg/CLK is not reached by a timing clock
Related violations: <none>

TIMING-17#19 Warning
Non-clocked sequential cell  
The clock pin u2/U0/i_synth/i_bb_inst/f1.only_clb.srl_sig_reg[0][0]/C is not reached by a timing clock
Related violations: <none>

TIMING-17#20 Warning
Non-clocked sequential cell  
The clock pin u2/U0/i_synth/i_bb_inst/f1.only_clb.srl_sig_reg[0][1]/C is not reached by a timing clock
Related violations: <none>

TIMING-17#21 Warning
Non-clocked sequential cell  
The clock pin u2/U0/i_synth/i_bb_inst/f1.only_clb.srl_sig_reg[0][2]/C is not reached by a timing clock
Related violations: <none>

TIMING-17#22 Warning
Non-clocked sequential cell  
The clock pin u2/U0/i_synth/i_bb_inst/f1.only_clb.srl_sig_reg[0][3]/C is not reached by a timing clock
Related violations: <none>

TIMING-17#23 Warning
Non-clocked sequential cell  
The clock pin u2/U0/i_synth/i_bb_inst/f1.only_clb.srl_sig_reg[0][4]/C is not reached by a timing clock
Related violations: <none>

TIMING-17#24 Warning
Non-clocked sequential cell  
The clock pin u2/U0/i_synth/i_bb_inst/f1.only_clb.srl_sig_reg[0][5]/C is not reached by a timing clock
Related violations: <none>

TIMING-17#25 Warning
Non-clocked sequential cell  
The clock pin u2/U0/i_synth/i_bb_inst/f1.only_clb.srl_sig_reg[0][6]/C is not reached by a timing clock
Related violations: <none>

TIMING-17#26 Warning
Non-clocked sequential cell  
The clock pin u2/U0/i_synth/i_bb_inst/f1.only_clb.srl_sig_reg[0][7]/C is not reached by a timing clock
Related violations: <none>

TIMING-17#27 Warning
Non-clocked sequential cell  
The clock pin u2/U0/i_synth/i_bb_inst/f1.only_clb.srl_sig_reg[32][0]_srl32/CLK is not reached by a timing clock
Related violations: <none>

TIMING-17#28 Warning
Non-clocked sequential cell  
The clock pin u2/U0/i_synth/i_bb_inst/f1.only_clb.srl_sig_reg[32][1]_srl32/CLK is not reached by a timing clock
Related violations: <none>

TIMING-17#29 Warning
Non-clocked sequential cell  
The clock pin u2/U0/i_synth/i_bb_inst/f1.only_clb.srl_sig_reg[32][2]_srl32/CLK is not reached by a timing clock
Related violations: <none>

TIMING-17#30 Warning
Non-clocked sequential cell  
The clock pin u2/U0/i_synth/i_bb_inst/f1.only_clb.srl_sig_reg[32][3]_srl32/CLK is not reached by a timing clock
Related violations: <none>

TIMING-17#31 Warning
Non-clocked sequential cell  
The clock pin u2/U0/i_synth/i_bb_inst/f1.only_clb.srl_sig_reg[32][4]_srl32/CLK is not reached by a timing clock
Related violations: <none>

TIMING-17#32 Warning
Non-clocked sequential cell  
The clock pin u2/U0/i_synth/i_bb_inst/f1.only_clb.srl_sig_reg[32][5]_srl32/CLK is not reached by a timing clock
Related violations: <none>

TIMING-17#33 Warning
Non-clocked sequential cell  
The clock pin u2/U0/i_synth/i_bb_inst/f1.only_clb.srl_sig_reg[32][6]_srl32/CLK is not reached by a timing clock
Related violations: <none>

TIMING-17#34 Warning
Non-clocked sequential cell  
The clock pin u2/U0/i_synth/i_bb_inst/f1.only_clb.srl_sig_reg[32][7]_srl32/CLK is not reached by a timing clock
Related violations: <none>

TIMING-17#35 Warning
Non-clocked sequential cell  
The clock pin u2/U0/i_synth/i_bb_inst/f1.only_clb.srl_sig_reg[62][0]_srl30/CLK is not reached by a timing clock
Related violations: <none>

TIMING-17#36 Warning
Non-clocked sequential cell  
The clock pin u2/U0/i_synth/i_bb_inst/f1.only_clb.srl_sig_reg[62][1]_srl30/CLK is not reached by a timing clock
Related violations: <none>

TIMING-17#37 Warning
Non-clocked sequential cell  
The clock pin u2/U0/i_synth/i_bb_inst/f1.only_clb.srl_sig_reg[62][2]_srl30/CLK is not reached by a timing clock
Related violations: <none>

TIMING-17#38 Warning
Non-clocked sequential cell  
The clock pin u2/U0/i_synth/i_bb_inst/f1.only_clb.srl_sig_reg[62][3]_srl30/CLK is not reached by a timing clock
Related violations: <none>

TIMING-17#39 Warning
Non-clocked sequential cell  
The clock pin u2/U0/i_synth/i_bb_inst/f1.only_clb.srl_sig_reg[62][4]_srl30/CLK is not reached by a timing clock
Related violations: <none>

TIMING-17#40 Warning
Non-clocked sequential cell  
The clock pin u2/U0/i_synth/i_bb_inst/f1.only_clb.srl_sig_reg[62][5]_srl30/CLK is not reached by a timing clock
Related violations: <none>

TIMING-17#41 Warning
Non-clocked sequential cell  
The clock pin u2/U0/i_synth/i_bb_inst/f1.only_clb.srl_sig_reg[62][6]_srl30/CLK is not reached by a timing clock
Related violations: <none>

TIMING-17#42 Warning
Non-clocked sequential cell  
The clock pin u2/U0/i_synth/i_bb_inst/f1.only_clb.srl_sig_reg[62][7]_srl30/CLK is not reached by a timing clock
Related violations: <none>

TIMING-17#43 Warning
Non-clocked sequential cell  
The clock pin u2/U0/i_synth/i_bb_inst/f1.only_clb.srl_sig_reg[63][0]/C is not reached by a timing clock
Related violations: <none>

TIMING-17#44 Warning
Non-clocked sequential cell  
The clock pin u2/U0/i_synth/i_bb_inst/f1.only_clb.srl_sig_reg[63][1]/C is not reached by a timing clock
Related violations: <none>

TIMING-17#45 Warning
Non-clocked sequential cell  
The clock pin u2/U0/i_synth/i_bb_inst/f1.only_clb.srl_sig_reg[63][2]/C is not reached by a timing clock
Related violations: <none>

TIMING-17#46 Warning
Non-clocked sequential cell  
The clock pin u2/U0/i_synth/i_bb_inst/f1.only_clb.srl_sig_reg[63][3]/C is not reached by a timing clock
Related violations: <none>

TIMING-17#47 Warning
Non-clocked sequential cell  
The clock pin u2/U0/i_synth/i_bb_inst/f1.only_clb.srl_sig_reg[63][4]/C is not reached by a timing clock
Related violations: <none>

TIMING-17#48 Warning
Non-clocked sequential cell  
The clock pin u2/U0/i_synth/i_bb_inst/f1.only_clb.srl_sig_reg[63][5]/C is not reached by a timing clock
Related violations: <none>

TIMING-17#49 Warning
Non-clocked sequential cell  
The clock pin u2/U0/i_synth/i_bb_inst/f1.only_clb.srl_sig_reg[63][6]/C is not reached by a timing clock
Related violations: <none>

TIMING-17#50 Warning
Non-clocked sequential cell  
The clock pin u2/U0/i_synth/i_bb_inst/f1.only_clb.srl_sig_reg[63][7]/C is not reached by a timing clock
Related violations: <none>

TIMING-17#51 Warning
Non-clocked sequential cell  
The clock pin u3/U0/i_synth/i_bb_inst/f1.only_clb.srl_sig_reg[0][0]/C is not reached by a timing clock
Related violations: <none>

TIMING-17#52 Warning
Non-clocked sequential cell  
The clock pin u3/U0/i_synth/i_bb_inst/f1.only_clb.srl_sig_reg[0][1]/C is not reached by a timing clock
Related violations: <none>

TIMING-17#53 Warning
Non-clocked sequential cell  
The clock pin u3/U0/i_synth/i_bb_inst/f1.only_clb.srl_sig_reg[0][2]/C is not reached by a timing clock
Related violations: <none>

TIMING-17#54 Warning
Non-clocked sequential cell  
The clock pin u3/U0/i_synth/i_bb_inst/f1.only_clb.srl_sig_reg[0][3]/C is not reached by a timing clock
Related violations: <none>

TIMING-17#55 Warning
Non-clocked sequential cell  
The clock pin u3/U0/i_synth/i_bb_inst/f1.only_clb.srl_sig_reg[0][4]/C is not reached by a timing clock
Related violations: <none>

TIMING-17#56 Warning
Non-clocked sequential cell  
The clock pin u3/U0/i_synth/i_bb_inst/f1.only_clb.srl_sig_reg[0][5]/C is not reached by a timing clock
Related violations: <none>

TIMING-17#57 Warning
Non-clocked sequential cell  
The clock pin u3/U0/i_synth/i_bb_inst/f1.only_clb.srl_sig_reg[0][6]/C is not reached by a timing clock
Related violations: <none>

TIMING-17#58 Warning
Non-clocked sequential cell  
The clock pin u3/U0/i_synth/i_bb_inst/f1.only_clb.srl_sig_reg[0][7]/C is not reached by a timing clock
Related violations: <none>

TIMING-17#59 Warning
Non-clocked sequential cell  
The clock pin u3/U0/i_synth/i_bb_inst/f1.only_clb.srl_sig_reg[32][0]_srl32/CLK is not reached by a timing clock
Related violations: <none>

TIMING-17#60 Warning
Non-clocked sequential cell  
The clock pin u3/U0/i_synth/i_bb_inst/f1.only_clb.srl_sig_reg[32][1]_srl32/CLK is not reached by a timing clock
Related violations: <none>

TIMING-17#61 Warning
Non-clocked sequential cell  
The clock pin u3/U0/i_synth/i_bb_inst/f1.only_clb.srl_sig_reg[32][2]_srl32/CLK is not reached by a timing clock
Related violations: <none>

TIMING-17#62 Warning
Non-clocked sequential cell  
The clock pin u3/U0/i_synth/i_bb_inst/f1.only_clb.srl_sig_reg[32][3]_srl32/CLK is not reached by a timing clock
Related violations: <none>

TIMING-17#63 Warning
Non-clocked sequential cell  
The clock pin u3/U0/i_synth/i_bb_inst/f1.only_clb.srl_sig_reg[32][4]_srl32/CLK is not reached by a timing clock
Related violations: <none>

TIMING-17#64 Warning
Non-clocked sequential cell  
The clock pin u3/U0/i_synth/i_bb_inst/f1.only_clb.srl_sig_reg[32][5]_srl32/CLK is not reached by a timing clock
Related violations: <none>

TIMING-17#65 Warning
Non-clocked sequential cell  
The clock pin u3/U0/i_synth/i_bb_inst/f1.only_clb.srl_sig_reg[32][6]_srl32/CLK is not reached by a timing clock
Related violations: <none>

TIMING-17#66 Warning
Non-clocked sequential cell  
The clock pin u3/U0/i_synth/i_bb_inst/f1.only_clb.srl_sig_reg[32][7]_srl32/CLK is not reached by a timing clock
Related violations: <none>

TIMING-17#67 Warning
Non-clocked sequential cell  
The clock pin u3/U0/i_synth/i_bb_inst/f1.only_clb.srl_sig_reg[62][0]_srl30/CLK is not reached by a timing clock
Related violations: <none>

TIMING-17#68 Warning
Non-clocked sequential cell  
The clock pin u3/U0/i_synth/i_bb_inst/f1.only_clb.srl_sig_reg[62][1]_srl30/CLK is not reached by a timing clock
Related violations: <none>

TIMING-17#69 Warning
Non-clocked sequential cell  
The clock pin u3/U0/i_synth/i_bb_inst/f1.only_clb.srl_sig_reg[62][2]_srl30/CLK is not reached by a timing clock
Related violations: <none>

TIMING-17#70 Warning
Non-clocked sequential cell  
The clock pin u3/U0/i_synth/i_bb_inst/f1.only_clb.srl_sig_reg[62][3]_srl30/CLK is not reached by a timing clock
Related violations: <none>

TIMING-17#71 Warning
Non-clocked sequential cell  
The clock pin u3/U0/i_synth/i_bb_inst/f1.only_clb.srl_sig_reg[62][4]_srl30/CLK is not reached by a timing clock
Related violations: <none>

TIMING-17#72 Warning
Non-clocked sequential cell  
The clock pin u3/U0/i_synth/i_bb_inst/f1.only_clb.srl_sig_reg[62][5]_srl30/CLK is not reached by a timing clock
Related violations: <none>

TIMING-17#73 Warning
Non-clocked sequential cell  
The clock pin u3/U0/i_synth/i_bb_inst/f1.only_clb.srl_sig_reg[62][6]_srl30/CLK is not reached by a timing clock
Related violations: <none>

TIMING-17#74 Warning
Non-clocked sequential cell  
The clock pin u3/U0/i_synth/i_bb_inst/f1.only_clb.srl_sig_reg[62][7]_srl30/CLK is not reached by a timing clock
Related violations: <none>

TIMING-17#75 Warning
Non-clocked sequential cell  
The clock pin u3/U0/i_synth/i_bb_inst/f1.only_clb.srl_sig_reg[63][0]/C is not reached by a timing clock
Related violations: <none>

TIMING-17#76 Warning
Non-clocked sequential cell  
The clock pin u3/U0/i_synth/i_bb_inst/f1.only_clb.srl_sig_reg[63][1]/C is not reached by a timing clock
Related violations: <none>

TIMING-17#77 Warning
Non-clocked sequential cell  
The clock pin u3/U0/i_synth/i_bb_inst/f1.only_clb.srl_sig_reg[63][2]/C is not reached by a timing clock
Related violations: <none>

TIMING-17#78 Warning
Non-clocked sequential cell  
The clock pin u3/U0/i_synth/i_bb_inst/f1.only_clb.srl_sig_reg[63][3]/C is not reached by a timing clock
Related violations: <none>

TIMING-17#79 Warning
Non-clocked sequential cell  
The clock pin u3/U0/i_synth/i_bb_inst/f1.only_clb.srl_sig_reg[63][4]/C is not reached by a timing clock
Related violations: <none>

TIMING-17#80 Warning
Non-clocked sequential cell  
The clock pin u3/U0/i_synth/i_bb_inst/f1.only_clb.srl_sig_reg[63][5]/C is not reached by a timing clock
Related violations: <none>

TIMING-17#81 Warning
Non-clocked sequential cell  
The clock pin u3/U0/i_synth/i_bb_inst/f1.only_clb.srl_sig_reg[63][6]/C is not reached by a timing clock
Related violations: <none>

TIMING-17#82 Warning
Non-clocked sequential cell  
The clock pin u3/U0/i_synth/i_bb_inst/f1.only_clb.srl_sig_reg[63][7]/C is not reached by a timing clock
Related violations: <none>


